before class
....before of parent class called....
Child class before called
....String test successfull login.....
Number0
before class
....before of parent class called....
Child class before called
....String test successfull login.....
Number0
2025-01-22 05:48:15 [main] INFO  class - before class
2025-01-22 05:48:18 [main] INFO  class - ....before of parent class called....
2025-01-22 05:48:18 [main] INFO  Log - Child class before called
2025-01-22 05:48:18 [main] INFO  Log - ....String test successfull login.....
2025-01-22 05:48:19 [main] INFO  class - Number0
2025-01-22 05:51:01 [main] INFO  class - before class
2025-01-22 05:51:03 [main] INFO  class - ....before of parent class called....
2025-01-22 05:51:03 [main] INFO  Log - Child class before called
2025-01-22 05:51:03 [main] INFO  Log - ....String test successfull login.....
2025-01-22 05:51:04 [main] INFO  class - Number0
2025-01-22 05:53:59 [main] INFO  class - before class
2025-01-22 05:54:01 [main] INFO  class - ....before of parent class called....
2025-01-22 05:54:01 [main] INFO  Log - Child class before called
2025-01-22 05:54:01 [main] INFO  Log - ....String test successfull login.....
2025-01-22 05:54:03 [main] INFO  class - Number0
2025-01-22 05:57:43 [main] INFO  class - before class
2025-01-22 05:57:46 [main] INFO  class - ....before of parent class called....
2025-01-22 05:57:46 [main] INFO  Log - Child class before called
2025-01-22 05:57:46 [main] INFO  Log - ....String test successfull login.....
2025-01-22 05:57:47 [main] INFO  class - Number0
2025-01-22 06:12:43 [main] INFO  class - before class
2025-01-22 06:12:46 [main] INFO  class - ....before of parent class called....
2025-01-22 06:12:46 [main] INFO  Log - Child class before called
2025-01-22 06:12:46 [main] INFO  Log - ....String test successfull login.....
2025-01-22 06:12:48 [main] INFO  class - Number0
2025-01-22 06:55:32 [main] INFO  class - before class
2025-01-22 06:55:35 [main] INFO  class - ....before of parent class called....
2025-01-22 06:55:35 [main] INFO  Log - Child class before called
2025-01-22 06:55:35 [main] INFO  Log - ....String test successfull login.....
2025-01-22 06:55:37 [main] INFO  class - Number0
2025-01-22 07:08:12 [main] INFO  class - before class
2025-01-22 07:08:14 [main] INFO  class - ....before of parent class called....
2025-01-22 07:08:14 [main] INFO  Log - Child class before called
2025-01-22 07:08:14 [main] INFO  Log - ....String test successfull login.....
2025-01-22 07:08:26 [main] INFO  class - Number0
2025-01-22 07:09:33 [main] INFO  class - before class
2025-01-22 07:09:35 [main] INFO  class - ....before of parent class called....
2025-01-22 07:09:35 [main] INFO  Log - Child class before called
2025-01-22 07:09:35 [main] INFO  Log - ....String test successfull login.....
2025-01-22 07:09:46 [main] INFO  class - Number0
2025-01-22 07:13:13 [main] INFO  class - before class
2025-01-22 07:13:15 [main] INFO  class - ....before of parent class called....
2025-01-22 07:13:15 [main] INFO  Log - Child class before called
2025-01-22 07:13:15 [main] INFO  Log - ....String test successfull login.....
2025-01-22 07:13:27 [main] INFO  class - Number0
2025-01-22 07:14:41 [main] INFO  class - before class
2025-01-22 07:14:42 [main] INFO  class - ....before of parent class called....
2025-01-22 07:14:42 [main] INFO  Log - Child class before called
2025-01-22 07:14:42 [main] INFO  Log - ....String test successfull login.....
2025-01-22 07:14:44 [main] INFO  class - Number0
2025-01-22 10:13:30 [main] INFO  class - before class
2025-01-22 10:13:33 [main] INFO  class - ....before of parent class called....
2025-01-22 10:13:33 [main] INFO  Log - Child class before called
2025-01-22 10:13:33 [main] INFO  Log - ....String test successfull login.....
2025-01-22 10:13:34 [main] INFO  class - Number0
2025-01-22 10:26:10 [main] INFO  class - before class
2025-01-22 10:26:12 [main] INFO  class - ....before of parent class called....
2025-01-22 10:26:12 [main] INFO  Log - Child class before called
2025-01-22 10:26:12 [main] INFO  Log - ....String test successfull login.....
2025-01-22 10:26:13 [main] INFO  class - Number0
2025-01-22 10:26:45 [main] INFO  class - before class
2025-01-22 10:26:47 [main] INFO  class - ....before of parent class called....
2025-01-22 10:26:47 [main] INFO  Log - Child class before called
2025-01-22 10:26:47 [main] INFO  Log - ....String test successfull login.....
2025-01-22 10:26:59 [main] INFO  class - Number0
2025-01-22 10:31:19 [main] INFO  class - before class
2025-01-22 10:31:21 [main] INFO  class - ....before of parent class called....
2025-01-22 10:31:21 [main] INFO  Log - Child class before called
2025-01-22 10:31:21 [main] INFO  Log - ....String test successfull login.....
2025-01-22 10:31:22 [main] INFO  class - Number0
2025-01-22 10:35:49 [main] INFO  class - before class
2025-01-22 10:35:50 [main] INFO  class - ....before of parent class called....
2025-01-22 10:35:50 [main] INFO  Log - Child class before called
2025-01-22 10:35:50 [main] INFO  Log - ....String test successfull login.....
2025-01-22 10:35:54 [main] INFO  class - Number0
2025-01-22 10:36:23 [main] INFO  class - before class
2025-01-22 10:36:25 [main] INFO  class - ....before of parent class called....
2025-01-22 10:36:25 [main] INFO  Log - Child class before called
2025-01-22 10:36:25 [main] INFO  Log - ....String test successfull login.....
2025-01-22 10:57:46 [main] INFO  class - before class
2025-01-22 10:57:48 [main] INFO  class - ....before of parent class called....
2025-01-22 10:57:48 [main] INFO  Log - Child class before called
2025-01-22 10:57:48 [main] INFO  Log - ....String test successfull login.....
2025-01-22 10:57:52 [main] INFO  class - Number0
2025-01-22 11:20:31 [main] INFO  class - before class
2025-01-22 11:20:33 [main] INFO  class - ....before of parent class called....
2025-01-22 11:20:33 [main] INFO  Log - Child class before called
2025-01-22 11:20:33 [main] INFO  Log - ....String test successfull login.....
2025-01-22 11:27:05 [main] INFO  class - before class
2025-01-22 11:27:07 [main] INFO  class - ....before of parent class called....
2025-01-22 11:27:07 [main] INFO  Log - Child class before called
2025-01-22 11:27:07 [main] INFO  Log - ....String test successfull login.....
2025-01-22 11:27:11 [main] INFO  class - Number0
2025-01-22 11:31:56 [main] INFO  class - before class
2025-01-22 11:31:57 [main] INFO  class - ....before of parent class called....
2025-01-22 11:31:57 [main] INFO  Log - Child class before called
2025-01-22 11:31:57 [main] INFO  Log - ....String test successfull login.....
2025-01-22 11:32:01 [main] INFO  class - Number0
2025-01-22 11:33:16 [main] INFO  class - before class
2025-01-22 11:33:18 [main] INFO  class - ....before of parent class called....
2025-01-22 11:33:18 [main] INFO  Log - Child class before called
2025-01-22 11:33:18 [main] INFO  Log - ....String test successfull login.....
2025-01-22 11:33:21 [main] INFO  Log - .....Ending testsuccessful login executed.....
2025-01-22 11:33:21 [main] INFO  class - Number0
2025-01-23 05:44:05 [main] INFO  class - before class
2025-01-23 05:44:05 [main] INFO  class - Number0
2025-01-23 05:45:34 [main] INFO  class - before class
2025-01-23 05:45:39 [main] INFO  class - ....before of parent class called....
2025-01-23 05:45:39 [main] INFO  Log - Child class before called
2025-01-23 05:45:39 [main] INFO  Log - ....String test successfull login.....
2025-01-23 05:45:44 [main] INFO  Log - .....Ending testsuccessful login executed.....
2025-01-23 05:45:45 [main] INFO  class - Number0
2025-01-24 05:07:01 [main] INFO  class - before class
2025-01-24 05:07:05 [main] INFO  class - ....before of parent class called....
2025-01-24 05:07:05 [main] INFO  Log - Child class before called
2025-01-24 05:07:05 [main] INFO  Log - ....String test successfull login.....
2025-01-24 05:07:10 [main] INFO  Log - .....Ending testsuccessful login executed.....
2025-01-24 05:07:10 [main] INFO  class - Number0
2025-01-25 22:54:02 [main] INFO  class - before class
2025-01-25 22:54:07 [main] INFO  class - ....before of parent class called....
2025-01-25 22:54:07 [main] INFO  Log - Child class before called
2025-01-25 22:54:11 [main] INFO  class - Number0
2025-01-25 22:54:55 [main] INFO  class - before class
2025-01-25 22:54:57 [main] INFO  class - ....before of parent class called....
2025-01-25 22:54:57 [main] INFO  Log - Child class before called
2025-01-25 22:55:21 [main] INFO  class - Number0
2025-01-27 12:27:44 [main] INFO  class - before class
2025-01-27 12:27:48 [main] INFO  class - ....before of parent class called....
2025-01-27 12:27:48 [main] INFO  Log - Child class before called
2025-01-27 12:27:49 [main] INFO  class - Number0
2025-01-27 12:33:31 [main] INFO  class - before class
2025-01-27 12:33:33 [main] INFO  class - ....before of parent class called....
2025-01-27 12:33:33 [main] INFO  Log - Child class before called
2025-01-27 12:33:35 [main] INFO  class - Number0
2025-01-27 12:36:42 [main] INFO  class - before class
2025-01-27 12:36:44 [main] INFO  class - ....before of parent class called....
2025-01-27 12:36:44 [main] INFO  Log - Child class before called
2025-01-27 12:36:46 [main] INFO  class - Number0
2025-01-27 12:44:23 [main] INFO  class - before class
2025-01-27 12:44:24 [main] INFO  class - ....before of parent class called....
2025-01-27 12:44:24 [main] INFO  Log - Child class before called
2025-01-27 12:44:27 [main] INFO  class - Number0
2025-01-27 13:15:36 [main] INFO  class - before class
2025-01-27 13:15:38 [main] INFO  class - ....before of parent class called....
2025-01-27 13:15:38 [main] INFO  Log - Child class before called
2025-01-27 13:15:41 [main] INFO  class - Number0
2025-01-27 13:16:01 [main] INFO  class - before class
2025-01-27 13:16:03 [main] INFO  class - ....before of parent class called....
2025-01-27 13:16:03 [main] INFO  Log - Child class before called
2025-01-27 13:16:06 [main] INFO  class - Number0
2025-01-27 13:35:22 [main] INFO  class - before class
2025-01-27 13:35:24 [main] INFO  class - ....before of parent class called....
2025-01-27 13:35:24 [main] INFO  Log - Child class before called
2025-01-27 13:35:26 [main] INFO  class - Number0
2025-01-27 13:38:49 [main] INFO  class - before class
2025-01-27 13:38:51 [main] INFO  class - ....before of parent class called....
2025-01-27 13:38:51 [main] INFO  Log - Child class before called
2025-01-27 13:38:58 [main] INFO  class - Number0
2025-01-27 13:44:00 [main] INFO  class - before class
2025-01-27 13:44:02 [main] INFO  class - ....before of parent class called....
2025-01-27 13:44:02 [main] INFO  Log - Child class before called
2025-01-27 13:44:05 [main] INFO  class - Number0
2025-01-27 13:57:11 [main] INFO  class - before class
2025-01-27 13:57:13 [main] INFO  class - ....before of parent class called....
2025-01-27 13:57:13 [main] INFO  Log - Child class before called
2025-01-27 13:57:18 [main] INFO  class - Number0
2025-01-27 19:30:26 [main] INFO  class - before class
2025-01-27 19:30:29 [main] INFO  class - ....before of parent class called....
2025-01-27 19:30:29 [main] INFO  Log - Child class before called
2025-01-27 19:30:44 [main] INFO  class - Number0
2025-01-27 19:32:12 [main] INFO  class - before class
2025-01-27 19:32:13 [main] INFO  class - ....before of parent class called....
2025-01-27 19:32:13 [main] INFO  Log - Child class before called
2025-01-27 19:32:18 [main] INFO  class - Number0
2025-01-28 10:17:05 [main] INFO  class - before class
2025-01-28 10:18:02 [main] INFO  class - before class
2025-01-28 10:25:24 [main] INFO  class - before class
2025-01-28 10:31:23 [main] INFO  class - before class
2025-01-28 14:07:28 [main] INFO  class - before class
2025-01-28 16:23:27 [main] INFO  class - before class
2025-01-28 16:29:09 [main] INFO  class - before class
2025-01-28 16:59:59 [main] INFO  class - before class
2025-01-28 17:05:01 [main] INFO  class - before class
2025-01-28 18:44:25 [main] INFO  class - Number0
2025-01-28 18:47:53 [main] INFO  class - before class
2025-01-28 19:18:14 [main] INFO  class - before class
2025-01-29 09:33:00 [main] INFO  class - before class
2025-01-29 12:55:46 [main] INFO  class - before class
2025-01-29 12:55:48 [main] INFO  class - ....before of parent class called....
2025-01-29 12:55:48 [main] INFO  Log - Child class before called
2025-01-29 12:55:50 [main] INFO  class - Number0
2025-01-29 12:58:27 [main] INFO  class - before class
2025-01-29 12:58:29 [main] INFO  class - ....before of parent class called....
2025-01-29 12:58:29 [main] INFO  Log - Child class before called
2025-01-29 12:58:30 [main] INFO  class - Number0
2025-01-29 12:59:18 [main] INFO  class - before class
2025-01-29 12:59:20 [main] INFO  class - ....before of parent class called....
2025-01-29 12:59:20 [main] INFO  Log - Child class before called
2025-01-29 12:59:21 [main] INFO  class - Number0
2025-01-29 13:07:28 [main] INFO  class - before class
2025-01-29 13:07:30 [main] INFO  class - ....before of parent class called....
2025-01-29 13:07:30 [main] INFO  Log - Child class before called
2025-01-29 13:07:32 [main] INFO  class - Number0
2025-01-29 13:55:47 [main] INFO  class - before class
2025-01-29 13:55:50 [main] INFO  class - ....before of parent class called....
2025-01-29 13:55:50 [main] INFO  Log - Child class before called
2025-01-29 13:55:52 [main] INFO  class - Number0
2025-01-29 13:59:21 [main] INFO  class - before class
2025-01-29 13:59:22 [main] INFO  class - ....before of parent class called....
2025-01-29 13:59:22 [main] INFO  Log - Child class before called
2025-01-29 13:59:24 [main] INFO  class - Number0
2025-01-29 13:59:41 [main] INFO  class - before class
2025-01-29 13:59:43 [main] INFO  class - ....before of parent class called....
2025-01-29 13:59:43 [main] INFO  Log - Child class before called
2025-01-29 13:59:51 [main] INFO  class - ....before of parent class called....
2025-01-29 13:59:51 [main] INFO  Log - Child class before called
2025-01-29 13:59:54 [main] INFO  class - ....before of parent class called....
2025-01-29 13:59:54 [main] INFO  Log - Child class before called
2025-01-29 13:59:56 [main] INFO  class - ....before of parent class called....
2025-01-29 13:59:56 [main] INFO  Log - Child class before called
2025-01-29 13:59:58 [main] INFO  class - ....before of parent class called....
2025-01-29 13:59:58 [main] INFO  Log - Child class before called
2025-01-29 14:00:00 [main] INFO  class - Number0
2025-01-29 14:23:53 [main] INFO  class - before class
2025-01-29 14:23:55 [main] INFO  class - ....before of parent class called....
2025-01-29 14:23:55 [main] INFO  Log - Child class before called
2025-01-29 14:23:58 [main] INFO  class - Number0
2025-01-29 18:28:52 [main] INFO  class - before class
2025-01-29 18:28:55 [main] INFO  class - ....before of parent class called....
2025-01-29 18:28:55 [main] INFO  Log - Child class before called
2025-01-29 18:29:03 [main] INFO  class - Number0
2025-01-29 18:35:38 [main] INFO  class - before class
2025-01-29 18:35:39 [main] INFO  class - ....before of parent class called....
2025-01-29 18:35:39 [main] INFO  Log - Child class before called
2025-01-29 18:36:09 [main] INFO  class - Number0
2025-01-29 19:15:54 [main] INFO  class - before class
2025-01-29 19:15:56 [main] INFO  class - ....before of parent class called....
2025-01-29 19:15:56 [main] INFO  Log - Child class before called
2025-01-29 19:16:07 [main] INFO  class - ....before of parent class called....
2025-01-29 19:16:07 [main] INFO  Log - Child class before called
2025-01-29 19:16:22 [main] INFO  class - ....before of parent class called....
2025-01-29 19:16:22 [main] INFO  Log - Child class before called
2025-01-29 19:16:51 [main] INFO  class - Number0
2025-01-30 10:39:47 [main] INFO  class - before class
2025-01-30 10:39:52 [main] INFO  class - ....before of parent class called....
2025-01-30 10:39:52 [main] INFO  Log - Child class before called
2025-01-30 10:39:55 [main] INFO  class - Number0
2025-01-30 10:40:42 [main] INFO  class - before class
2025-01-30 10:40:43 [main] INFO  class - ....before of parent class called....
2025-01-30 10:40:43 [main] INFO  Log - Child class before called
2025-01-30 10:40:50 [main] INFO  class - Number0
2025-01-30 10:46:19 [main] INFO  class - before class
2025-01-30 10:46:21 [main] INFO  class - ....before of parent class called....
2025-01-30 10:46:21 [main] INFO  Log - Child class before called
2025-01-30 10:46:24 [main] INFO  class - Number0
2025-01-30 10:47:50 [main] INFO  class - before class
2025-01-30 10:47:52 [main] INFO  class - ....before of parent class called....
2025-01-30 10:47:52 [main] INFO  Log - Child class before called
2025-01-30 10:48:09 [main] INFO  class - Number0
2025-01-30 11:39:28 [main] INFO  class - before class
2025-01-30 11:39:29 [main] INFO  class - ....before of parent class called....
2025-01-30 11:39:29 [main] INFO  Log - Child class before called
2025-01-30 11:39:47 [main] INFO  class - Number0
2025-01-30 11:40:15 [main] INFO  class - before class
2025-01-30 11:40:17 [main] INFO  class - ....before of parent class called....
2025-01-30 11:40:17 [main] INFO  Log - Child class before called
2025-01-30 11:40:24 [main] INFO  class - ....before of parent class called....
2025-01-30 11:40:24 [main] INFO  Log - Child class before called
2025-01-30 11:40:28 [main] INFO  class - ....before of parent class called....
2025-01-30 11:40:28 [main] INFO  Log - Child class before called
2025-01-30 11:40:32 [main] INFO  class - ....before of parent class called....
2025-01-30 11:40:32 [main] INFO  Log - Child class before called
2025-01-30 11:40:35 [main] INFO  class - ....before of parent class called....
2025-01-30 11:40:35 [main] INFO  Log - Child class before called
2025-01-30 11:40:39 [main] INFO  class - ....before of parent class called....
2025-01-30 11:40:39 [main] INFO  Log - Child class before called
2025-01-30 11:40:46 [main] INFO  class - Number0
2025-01-30 11:42:34 [main] INFO  class - before class
2025-01-30 11:42:35 [main] INFO  class - ....before of parent class called....
2025-01-30 11:42:35 [main] INFO  Log - Child class before called
2025-01-30 11:42:38 [main] INFO  class - Number0
2025-01-30 11:45:08 [main] INFO  class - before class
2025-01-30 11:45:10 [main] INFO  class - ....before of parent class called....
2025-01-30 11:45:10 [main] INFO  Log - Child class before called
2025-01-30 11:45:16 [main] INFO  class - Number0
2025-01-30 11:45:26 [main] INFO  class - before class
2025-01-30 11:45:27 [main] INFO  class - ....before of parent class called....
2025-01-30 11:45:27 [main] INFO  Log - Child class before called
2025-01-30 11:45:34 [main] INFO  class - ....before of parent class called....
2025-01-30 11:45:34 [main] INFO  Log - Child class before called
2025-01-30 11:45:43 [main] INFO  class - ....before of parent class called....
2025-01-30 11:45:43 [main] INFO  Log - Child class before called
2025-01-30 11:45:50 [main] INFO  class - ....before of parent class called....
2025-01-30 11:45:50 [main] INFO  Log - Child class before called
2025-01-30 11:45:57 [main] INFO  class - ....before of parent class called....
2025-01-30 11:45:57 [main] INFO  Log - Child class before called
2025-01-30 11:46:05 [main] INFO  class - ....before of parent class called....
2025-01-30 11:46:05 [main] INFO  Log - Child class before called
2025-01-30 11:46:09 [main] INFO  class - Number0
2025-02-01 17:29:40 [main] INFO  class - before class
2025-02-01 17:29:44 [main] INFO  class - ....before of parent class called....
2025-02-01 17:29:44 [main] INFO  Log - Child class before called
2025-02-01 17:29:51 [main] INFO  class - Number0
2025-02-01 17:37:08 [main] INFO  class - before class
2025-02-01 17:37:10 [main] INFO  class - ....before of parent class called....
2025-02-01 17:37:10 [main] INFO  Log - Child class before called
2025-02-01 17:37:18 [main] INFO  class - Number0
2025-02-01 17:42:37 [main] INFO  class - before class
2025-02-01 17:42:38 [main] INFO  class - ....before of parent class called....
2025-02-01 17:42:38 [main] INFO  Log - Child class before called
2025-02-01 17:42:46 [main] INFO  class - Number0
2025-02-01 17:44:22 [main] INFO  class - before class
2025-02-01 17:44:24 [main] INFO  class - ....before of parent class called....
2025-02-01 17:44:24 [main] INFO  Log - Child class before called
2025-02-01 17:44:33 [main] INFO  class - ....before of parent class called....
2025-02-01 17:44:33 [main] INFO  Log - Child class before called
2025-02-01 17:44:41 [main] INFO  class - Number0
2025-02-01 17:45:02 [main] INFO  class - before class
2025-02-01 17:45:04 [main] INFO  class - ....before of parent class called....
2025-02-01 17:45:04 [main] INFO  Log - Child class before called
2025-02-01 17:45:13 [main] INFO  class - ....before of parent class called....
2025-02-01 17:45:13 [main] INFO  Log - Child class before called
2025-02-01 17:45:21 [main] INFO  class - Number0
